{"/Users/kiahakala/Documents/bloglist-frontend/src/App.js": {"path":"/Users/kiahakala/Documents/bloglist-frontend/src/App.js","statementMap":{"0":{"start":{"line":10,"column":12},"end":{"line":171,"column":1}},"1":{"start":{"line":11,"column":27},"end":{"line":11,"column":39}},"2":{"start":{"line":12,"column":41},"end":{"line":12,"column":55}},"3":{"start":{"line":13,"column":45},"end":{"line":13,"column":59}},"4":{"start":{"line":14,"column":33},"end":{"line":14,"column":45}},"5":{"start":{"line":15,"column":33},"end":{"line":15,"column":45}},"6":{"start":{"line":16,"column":25},"end":{"line":16,"column":39}},"7":{"start":{"line":18,"column":21},"end":{"line":18,"column":29}},"8":{"start":{"line":20,"column":1},"end":{"line":27,"column":7}},"9":{"start":{"line":21,"column":21},"end":{"line":25,"column":3}},"10":{"start":{"line":22,"column":3},"end":{"line":24,"column":4}},"11":{"start":{"line":23,"column":4},"end":{"line":23,"column":19}},"12":{"start":{"line":26,"column":2},"end":{"line":26,"column":14}},"13":{"start":{"line":29,"column":1},"end":{"line":37,"column":7}},"14":{"start":{"line":30,"column":25},"end":{"line":30,"column":73}},"15":{"start":{"line":31,"column":2},"end":{"line":35,"column":3}},"16":{"start":{"line":32,"column":22},"end":{"line":32,"column":48}},"17":{"start":{"line":33,"column":3},"end":{"line":33,"column":22}},"18":{"start":{"line":34,"column":3},"end":{"line":34,"column":41}},"19":{"start":{"line":39,"column":21},"end":{"line":66,"column":2}},"20":{"start":{"line":40,"column":2},"end":{"line":40,"column":24}},"21":{"start":{"line":41,"column":2},"end":{"line":61,"column":3}},"22":{"start":{"line":42,"column":25},"end":{"line":44,"column":5}},"23":{"start":{"line":45,"column":3},"end":{"line":47,"column":4}},"24":{"start":{"line":48,"column":3},"end":{"line":48,"column":25}},"25":{"start":{"line":49,"column":3},"end":{"line":49,"column":44}},"26":{"start":{"line":50,"column":3},"end":{"line":50,"column":18}},"27":{"start":{"line":51,"column":3},"end":{"line":51,"column":18}},"28":{"start":{"line":52,"column":3},"end":{"line":52,"column":49}},"29":{"start":{"line":53,"column":3},"end":{"line":55,"column":11}},"30":{"start":{"line":54,"column":4},"end":{"line":54,"column":27}},"31":{"start":{"line":57,"column":3},"end":{"line":57,"column":39}},"32":{"start":{"line":58,"column":3},"end":{"line":60,"column":11}},"33":{"start":{"line":59,"column":4},"end":{"line":59,"column":25}},"34":{"start":{"line":62,"column":2},"end":{"line":62,"column":52}},"35":{"start":{"line":63,"column":2},"end":{"line":65,"column":10}},"36":{"start":{"line":64,"column":3},"end":{"line":64,"column":27}},"37":{"start":{"line":68,"column":22},"end":{"line":79,"column":2}},"38":{"start":{"line":69,"column":2},"end":{"line":69,"column":24}},"39":{"start":{"line":70,"column":2},"end":{"line":72,"column":3}},"40":{"start":{"line":73,"column":2},"end":{"line":73,"column":15}},"41":{"start":{"line":74,"column":2},"end":{"line":74,"column":42}},"42":{"start":{"line":75,"column":2},"end":{"line":77,"column":10}},"43":{"start":{"line":76,"column":3},"end":{"line":76,"column":26}},"44":{"start":{"line":78,"column":2},"end":{"line":78,"column":28}},"45":{"start":{"line":81,"column":17},"end":{"line":101,"column":2}},"46":{"start":{"line":82,"column":2},"end":{"line":82,"column":40}},"47":{"start":{"line":83,"column":2},"end":{"line":100,"column":3}},"48":{"start":{"line":84,"column":3},"end":{"line":84,"column":42}},"49":{"start":{"line":85,"column":3},"end":{"line":87,"column":11}},"50":{"start":{"line":86,"column":4},"end":{"line":86,"column":25}},"51":{"start":{"line":89,"column":3},"end":{"line":93,"column":6}},"52":{"start":{"line":92,"column":5},"end":{"line":92,"column":41}},"53":{"start":{"line":94,"column":3},"end":{"line":94,"column":86}},"54":{"start":{"line":95,"column":3},"end":{"line":97,"column":11}},"55":{"start":{"line":96,"column":4},"end":{"line":96,"column":27}},"56":{"start":{"line":99,"column":3},"end":{"line":99,"column":47}},"57":{"start":{"line":103,"column":20},"end":{"line":110,"column":2}},"58":{"start":{"line":104,"column":15},"end":{"line":104,"column":43}},"59":{"start":{"line":104,"column":31},"end":{"line":104,"column":42}},"60":{"start":{"line":105,"column":22},"end":{"line":105,"column":56}},"61":{"start":{"line":107,"column":23},"end":{"line":108,"column":27}},"62":{"start":{"line":109,"column":2},"end":{"line":109,"column":67}},"63":{"start":{"line":109,"column":29},"end":{"line":109,"column":65}},"64":{"start":{"line":112,"column":20},"end":{"line":127,"column":2}},"65":{"start":{"line":113,"column":15},"end":{"line":113,"column":43}},"66":{"start":{"line":113,"column":31},"end":{"line":113,"column":42}},"67":{"start":{"line":114,"column":2},"end":{"line":126,"column":3}},"68":{"start":{"line":115,"column":3},"end":{"line":119,"column":5}},"69":{"start":{"line":118,"column":32},"end":{"line":118,"column":43}},"70":{"start":{"line":120,"column":3},"end":{"line":122,"column":4}},"71":{"start":{"line":123,"column":3},"end":{"line":125,"column":11}},"72":{"start":{"line":124,"column":4},"end":{"line":124,"column":27}},"73":{"start":{"line":129,"column":19},"end":{"line":137,"column":2}},"74":{"start":{"line":130,"column":2},"end":{"line":136,"column":4}},"75":{"start":{"line":133,"column":41},"end":{"line":133,"column":66}},"76":{"start":{"line":134,"column":41},"end":{"line":134,"column":66}},"77":{"start":{"line":139,"column":18},"end":{"line":143,"column":2}},"78":{"start":{"line":140,"column":2},"end":{"line":142,"column":14}},"79":{"start":{"line":145,"column":14},"end":{"line":152,"column":2}},"80":{"start":{"line":146,"column":2},"end":{"line":151,"column":4}},"81":{"start":{"line":147,"column":19},"end":{"line":147,"column":45}},"82":{"start":{"line":149,"column":4},"end":{"line":150,"column":6}},"83":{"start":{"line":149,"column":66},"end":{"line":149,"column":85}},"84":{"start":{"line":149,"column":105},"end":{"line":149,"column":124}},"85":{"start":{"line":154,"column":1},"end":{"line":170,"column":2}}},"fnMap":{"0":{"name":"(anonymous_0)","decl":{"start":{"line":10,"column":12},"end":{"line":10,"column":13}},"loc":{"start":{"line":10,"column":18},"end":{"line":171,"column":1}},"line":10},"1":{"name":"(anonymous_1)","decl":{"start":{"line":20,"column":11},"end":{"line":20,"column":12}},"loc":{"start":{"line":20,"column":17},"end":{"line":27,"column":2}},"line":20},"2":{"name":"(anonymous_2)","decl":{"start":{"line":21,"column":21},"end":{"line":21,"column":22}},"loc":{"start":{"line":21,"column":33},"end":{"line":25,"column":3}},"line":21},"3":{"name":"(anonymous_3)","decl":{"start":{"line":22,"column":29},"end":{"line":22,"column":30}},"loc":{"start":{"line":23,"column":4},"end":{"line":23,"column":19}},"line":23},"4":{"name":"(anonymous_4)","decl":{"start":{"line":29,"column":11},"end":{"line":29,"column":12}},"loc":{"start":{"line":29,"column":17},"end":{"line":37,"column":2}},"line":29},"5":{"name":"(anonymous_5)","decl":{"start":{"line":39,"column":21},"end":{"line":39,"column":22}},"loc":{"start":{"line":39,"column":38},"end":{"line":66,"column":2}},"line":39},"6":{"name":"(anonymous_6)","decl":{"start":{"line":53,"column":14},"end":{"line":53,"column":15}},"loc":{"start":{"line":53,"column":20},"end":{"line":55,"column":4}},"line":53},"7":{"name":"(anonymous_7)","decl":{"start":{"line":58,"column":14},"end":{"line":58,"column":15}},"loc":{"start":{"line":58,"column":20},"end":{"line":60,"column":4}},"line":58},"8":{"name":"(anonymous_8)","decl":{"start":{"line":63,"column":13},"end":{"line":63,"column":14}},"loc":{"start":{"line":63,"column":19},"end":{"line":65,"column":3}},"line":63},"9":{"name":"(anonymous_9)","decl":{"start":{"line":68,"column":22},"end":{"line":68,"column":23}},"loc":{"start":{"line":68,"column":33},"end":{"line":79,"column":2}},"line":68},"10":{"name":"(anonymous_10)","decl":{"start":{"line":75,"column":13},"end":{"line":75,"column":14}},"loc":{"start":{"line":75,"column":19},"end":{"line":77,"column":3}},"line":75},"11":{"name":"(anonymous_11)","decl":{"start":{"line":81,"column":17},"end":{"line":81,"column":18}},"loc":{"start":{"line":81,"column":39},"end":{"line":101,"column":2}},"line":81},"12":{"name":"(anonymous_12)","decl":{"start":{"line":85,"column":14},"end":{"line":85,"column":15}},"loc":{"start":{"line":85,"column":20},"end":{"line":87,"column":4}},"line":85},"13":{"name":"(anonymous_13)","decl":{"start":{"line":91,"column":10},"end":{"line":91,"column":11}},"loc":{"start":{"line":91,"column":26},"end":{"line":93,"column":5}},"line":91},"14":{"name":"(anonymous_14)","decl":{"start":{"line":95,"column":14},"end":{"line":95,"column":15}},"loc":{"start":{"line":95,"column":20},"end":{"line":97,"column":4}},"line":95},"15":{"name":"(anonymous_15)","decl":{"start":{"line":103,"column":20},"end":{"line":103,"column":21}},"loc":{"start":{"line":103,"column":34},"end":{"line":110,"column":2}},"line":103},"16":{"name":"(anonymous_16)","decl":{"start":{"line":104,"column":26},"end":{"line":104,"column":27}},"loc":{"start":{"line":104,"column":31},"end":{"line":104,"column":42}},"line":104},"17":{"name":"(anonymous_17)","decl":{"start":{"line":109,"column":21},"end":{"line":109,"column":22}},"loc":{"start":{"line":109,"column":29},"end":{"line":109,"column":65}},"line":109},"18":{"name":"(anonymous_18)","decl":{"start":{"line":112,"column":20},"end":{"line":112,"column":21}},"loc":{"start":{"line":112,"column":34},"end":{"line":127,"column":2}},"line":112},"19":{"name":"(anonymous_19)","decl":{"start":{"line":113,"column":26},"end":{"line":113,"column":27}},"loc":{"start":{"line":113,"column":31},"end":{"line":113,"column":42}},"line":113},"20":{"name":"(anonymous_20)","decl":{"start":{"line":118,"column":27},"end":{"line":118,"column":28}},"loc":{"start":{"line":118,"column":32},"end":{"line":118,"column":43}},"line":118},"21":{"name":"(anonymous_21)","decl":{"start":{"line":123,"column":14},"end":{"line":123,"column":15}},"loc":{"start":{"line":123,"column":20},"end":{"line":125,"column":4}},"line":123},"22":{"name":"(anonymous_22)","decl":{"start":{"line":129,"column":19},"end":{"line":129,"column":20}},"loc":{"start":{"line":130,"column":2},"end":{"line":136,"column":4}},"line":130},"23":{"name":"(anonymous_23)","decl":{"start":{"line":133,"column":25},"end":{"line":133,"column":26}},"loc":{"start":{"line":133,"column":41},"end":{"line":133,"column":66}},"line":133},"24":{"name":"(anonymous_24)","decl":{"start":{"line":134,"column":25},"end":{"line":134,"column":26}},"loc":{"start":{"line":134,"column":41},"end":{"line":134,"column":66}},"line":134},"25":{"name":"(anonymous_25)","decl":{"start":{"line":139,"column":18},"end":{"line":139,"column":19}},"loc":{"start":{"line":140,"column":2},"end":{"line":142,"column":14}},"line":140},"26":{"name":"(anonymous_26)","decl":{"start":{"line":145,"column":14},"end":{"line":145,"column":15}},"loc":{"start":{"line":146,"column":2},"end":{"line":151,"column":4}},"line":146},"27":{"name":"(anonymous_27)","decl":{"start":{"line":147,"column":9},"end":{"line":147,"column":10}},"loc":{"start":{"line":147,"column":19},"end":{"line":147,"column":45}},"line":147},"28":{"name":"(anonymous_28)","decl":{"start":{"line":148,"column":8},"end":{"line":148,"column":9}},"loc":{"start":{"line":149,"column":4},"end":{"line":150,"column":6}},"line":149},"29":{"name":"(anonymous_29)","decl":{"start":{"line":149,"column":60},"end":{"line":149,"column":61}},"loc":{"start":{"line":149,"column":66},"end":{"line":149,"column":85}},"line":149},"30":{"name":"(anonymous_30)","decl":{"start":{"line":149,"column":99},"end":{"line":149,"column":100}},"loc":{"start":{"line":149,"column":105},"end":{"line":149,"column":124}},"line":149}},"branchMap":{"0":{"loc":{"start":{"line":31,"column":2},"end":{"line":35,"column":3}},"type":"if","locations":[{"start":{"line":31,"column":2},"end":{"line":35,"column":3}},{"start":{"line":31,"column":2},"end":{"line":35,"column":3}}],"line":31},"1":{"loc":{"start":{"line":83,"column":2},"end":{"line":100,"column":3}},"type":"if","locations":[{"start":{"line":83,"column":2},"end":{"line":100,"column":3}},{"start":{"line":83,"column":2},"end":{"line":100,"column":3}}],"line":83},"2":{"loc":{"start":{"line":83,"column":6},"end":{"line":83,"column":42}},"type":"binary-expr","locations":[{"start":{"line":83,"column":6},"end":{"line":83,"column":23}},{"start":{"line":83,"column":27},"end":{"line":83,"column":42}}],"line":83},"3":{"loc":{"start":{"line":109,"column":29},"end":{"line":109,"column":65}},"type":"cond-expr","locations":[{"start":{"line":109,"column":46},"end":{"line":109,"column":50}},{"start":{"line":109,"column":53},"end":{"line":109,"column":65}}],"line":109},"4":{"loc":{"start":{"line":114,"column":2},"end":{"line":126,"column":3}},"type":"if","locations":[{"start":{"line":114,"column":2},"end":{"line":126,"column":3}},{"start":{"line":114,"column":2},"end":{"line":126,"column":3}}],"line":114},"5":{"loc":{"start":{"line":147,"column":19},"end":{"line":147,"column":45}},"type":"cond-expr","locations":[{"start":{"line":147,"column":39},"end":{"line":147,"column":40}},{"start":{"line":147,"column":43},"end":{"line":147,"column":45}}],"line":147},"6":{"loc":{"start":{"line":161,"column":4},"end":{"line":167,"column":10}},"type":"cond-expr","locations":[{"start":{"line":162,"column":4},"end":{"line":162,"column":15}},{"start":{"line":163,"column":4},"end":{"line":167,"column":10}}],"line":161}},"s":{"0":0,"1":0,"2":0,"3":0,"4":0,"5":0,"6":0,"7":0,"8":0,"9":0,"10":0,"11":0,"12":0,"13":0,"14":0,"15":0,"16":0,"17":0,"18":0,"19":0,"20":0,"21":0,"22":0,"23":0,"24":0,"25":0,"26":0,"27":0,"28":0,"29":0,"30":0,"31":0,"32":0,"33":0,"34":0,"35":0,"36":0,"37":0,"38":0,"39":0,"40":0,"41":0,"42":0,"43":0,"44":0,"45":0,"46":0,"47":0,"48":0,"49":0,"50":0,"51":0,"52":0,"53":0,"54":0,"55":0,"56":0,"57":0,"58":0,"59":0,"60":0,"61":0,"62":0,"63":0,"64":0,"65":0,"66":0,"67":0,"68":0,"69":0,"70":0,"71":0,"72":0,"73":0,"74":0,"75":0,"76":0,"77":0,"78":0,"79":0,"80":0,"81":0,"82":0,"83":0,"84":0,"85":0},"f":{"0":0,"1":0,"2":0,"3":0,"4":0,"5":0,"6":0,"7":0,"8":0,"9":0,"10":0,"11":0,"12":0,"13":0,"14":0,"15":0,"16":0,"17":0,"18":0,"19":0,"20":0,"21":0,"22":0,"23":0,"24":0,"25":0,"26":0,"27":0,"28":0,"29":0,"30":0},"b":{"0":[0,0],"1":[0,0],"2":[0,0],"3":[0,0],"4":[0,0],"5":[0,0],"6":[0,0]}}
,"/Users/kiahakala/Documents/bloglist-frontend/src/index.js": {"path":"/Users/kiahakala/Documents/bloglist-frontend/src/index.js","statementMap":{"0":{"start":{"line":6,"column":0},"end":{"line":6,"column":57}}},"fnMap":{},"branchMap":{},"s":{"0":0},"f":{},"b":{}}
,"/Users/kiahakala/Documents/bloglist-frontend/src/components/Blog.js": {"path":"/Users/kiahakala/Documents/bloglist-frontend/src/components/Blog.js","statementMap":{"0":{"start":{"line":3,"column":13},"end":{"line":39,"column":1}},"1":{"start":{"line":4,"column":33},"end":{"line":4,"column":48}},"2":{"start":{"line":5,"column":41},"end":{"line":5,"column":61}},"3":{"start":{"line":10,"column":25},"end":{"line":10,"column":59}},"4":{"start":{"line":12,"column":26},"end":{"line":12,"column":52}},"5":{"start":{"line":12,"column":32},"end":{"line":12,"column":52}},"6":{"start":{"line":13,"column":31},"end":{"line":18,"column":2}},"7":{"start":{"line":14,"column":2},"end":{"line":14,"column":28}},"8":{"start":{"line":14,"column":22},"end":{"line":14,"column":27}},"9":{"start":{"line":15,"column":2},"end":{"line":17,"column":4}},"10":{"start":{"line":20,"column":22},"end":{"line":22,"column":2}},"11":{"start":{"line":21,"column":2},"end":{"line":21,"column":14}},"12":{"start":{"line":24,"column":1},"end":{"line":38,"column":2}}},"fnMap":{"0":{"name":"(anonymous_0)","decl":{"start":{"line":3,"column":13},"end":{"line":3,"column":14}},"loc":{"start":{"line":3,"column":57},"end":{"line":39,"column":1}},"line":3},"1":{"name":"(anonymous_1)","decl":{"start":{"line":12,"column":26},"end":{"line":12,"column":27}},"loc":{"start":{"line":12,"column":32},"end":{"line":12,"column":52}},"line":12},"2":{"name":"(anonymous_2)","decl":{"start":{"line":13,"column":31},"end":{"line":13,"column":32}},"loc":{"start":{"line":13,"column":37},"end":{"line":18,"column":2}},"line":13},"3":{"name":"(anonymous_3)","decl":{"start":{"line":14,"column":17},"end":{"line":14,"column":18}},"loc":{"start":{"line":14,"column":22},"end":{"line":14,"column":27}},"line":14},"4":{"name":"(anonymous_4)","decl":{"start":{"line":20,"column":22},"end":{"line":20,"column":23}},"loc":{"start":{"line":20,"column":28},"end":{"line":22,"column":2}},"line":20}},"branchMap":{"0":{"loc":{"start":{"line":10,"column":36},"end":{"line":10,"column":57}},"type":"cond-expr","locations":[{"start":{"line":10,"column":46},"end":{"line":10,"column":48}},{"start":{"line":10,"column":51},"end":{"line":10,"column":57}}],"line":10},"1":{"loc":{"start":{"line":34,"column":6},"end":{"line":34,"column":133}},"type":"cond-expr","locations":[{"start":{"line":34,"column":50},"end":{"line":34,"column":126}},{"start":{"line":34,"column":129},"end":{"line":34,"column":133}}],"line":34},"2":{"loc":{"start":{"line":34,"column":6},"end":{"line":34,"column":47}},"type":"binary-expr","locations":[{"start":{"line":34,"column":6},"end":{"line":34,"column":15}},{"start":{"line":34,"column":19},"end":{"line":34,"column":47}}],"line":34},"3":{"loc":{"start":{"line":36,"column":67},"end":{"line":36,"column":92}},"type":"cond-expr","locations":[{"start":{"line":36,"column":77},"end":{"line":36,"column":83}},{"start":{"line":36,"column":86},"end":{"line":36,"column":92}}],"line":36}},"s":{"0":1,"1":3,"2":3,"3":3,"4":3,"5":1,"6":3,"7":0,"8":0,"9":0,"10":3,"11":0,"12":3},"f":{"0":3,"1":1,"2":0,"3":0,"4":0},"b":{"0":[1,2],"1":[0,3],"2":[3,0],"3":[1,2]},"_coverageSchema":"1a1c01bbd47fc00a2c39e90264f33305004495a9","hash":"bc4820c5aee523615c5f2adfa4830e50dc48c3b9"}
,"/Users/kiahakala/Documents/bloglist-frontend/src/components/BlogForm.js": {"path":"/Users/kiahakala/Documents/bloglist-frontend/src/components/BlogForm.js","statementMap":{"0":{"start":{"line":3,"column":17},"end":{"line":61,"column":1}},"1":{"start":{"line":4,"column":35},"end":{"line":4,"column":47}},"2":{"start":{"line":5,"column":37},"end":{"line":5,"column":49}},"3":{"start":{"line":6,"column":31},"end":{"line":6,"column":43}},"4":{"start":{"line":8,"column":27},"end":{"line":10,"column":2}},"5":{"start":{"line":9,"column":2},"end":{"line":9,"column":33}},"6":{"start":{"line":12,"column":28},"end":{"line":14,"column":2}},"7":{"start":{"line":13,"column":2},"end":{"line":13,"column":34}},"8":{"start":{"line":16,"column":25},"end":{"line":18,"column":2}},"9":{"start":{"line":17,"column":2},"end":{"line":17,"column":31}},"10":{"start":{"line":20,"column":17},"end":{"line":30,"column":2}},"11":{"start":{"line":21,"column":2},"end":{"line":21,"column":24}},"12":{"start":{"line":22,"column":2},"end":{"line":26,"column":4}},"13":{"start":{"line":27,"column":2},"end":{"line":27,"column":17}},"14":{"start":{"line":28,"column":2},"end":{"line":28,"column":18}},"15":{"start":{"line":29,"column":2},"end":{"line":29,"column":15}},"16":{"start":{"line":32,"column":1},"end":{"line":60,"column":2}}},"fnMap":{"0":{"name":"(anonymous_0)","decl":{"start":{"line":3,"column":17},"end":{"line":3,"column":18}},"loc":{"start":{"line":3,"column":37},"end":{"line":61,"column":1}},"line":3},"1":{"name":"(anonymous_1)","decl":{"start":{"line":8,"column":27},"end":{"line":8,"column":28}},"loc":{"start":{"line":8,"column":38},"end":{"line":10,"column":2}},"line":8},"2":{"name":"(anonymous_2)","decl":{"start":{"line":12,"column":28},"end":{"line":12,"column":29}},"loc":{"start":{"line":12,"column":39},"end":{"line":14,"column":2}},"line":12},"3":{"name":"(anonymous_3)","decl":{"start":{"line":16,"column":25},"end":{"line":16,"column":26}},"loc":{"start":{"line":16,"column":36},"end":{"line":18,"column":2}},"line":16},"4":{"name":"(anonymous_4)","decl":{"start":{"line":20,"column":17},"end":{"line":20,"column":18}},"loc":{"start":{"line":20,"column":28},"end":{"line":30,"column":2}},"line":20}},"branchMap":{},"s":{"0":1,"1":3,"2":3,"3":3,"4":3,"5":1,"6":3,"7":0,"8":3,"9":0,"10":3,"11":1,"12":1,"13":1,"14":1,"15":1,"16":3},"f":{"0":3,"1":1,"2":0,"3":0,"4":1},"b":{},"_coverageSchema":"1a1c01bbd47fc00a2c39e90264f33305004495a9","hash":"12751c41dc0c46c40739e39c99beb9e29be3761d"}
,"/Users/kiahakala/Documents/bloglist-frontend/src/components/LoginForm.js": {"path":"/Users/kiahakala/Documents/bloglist-frontend/src/components/LoginForm.js","statementMap":{"0":{"start":{"line":4,"column":18},"end":{"line":38,"column":1}},"1":{"start":{"line":12,"column":1},"end":{"line":37,"column":2}},"2":{"start":{"line":40,"column":0},"end":{"line":46,"column":1}}},"fnMap":{"0":{"name":"(anonymous_0)","decl":{"start":{"line":4,"column":18},"end":{"line":4,"column":19}},"loc":{"start":{"line":10,"column":6},"end":{"line":38,"column":1}},"line":10}},"branchMap":{},"s":{"0":0,"1":0,"2":0},"f":{"0":0},"b":{}}
,"/Users/kiahakala/Documents/bloglist-frontend/src/components/Notification.js": {"path":"/Users/kiahakala/Documents/bloglist-frontend/src/components/Notification.js","statementMap":{"0":{"start":{"line":3,"column":21},"end":{"line":13,"column":1}},"1":{"start":{"line":4,"column":1},"end":{"line":6,"column":2}},"2":{"start":{"line":5,"column":2},"end":{"line":5,"column":13}},"3":{"start":{"line":8,"column":1},"end":{"line":12,"column":2}}},"fnMap":{"0":{"name":"(anonymous_0)","decl":{"start":{"line":3,"column":21},"end":{"line":3,"column":22}},"loc":{"start":{"line":3,"column":38},"end":{"line":13,"column":1}},"line":3}},"branchMap":{"0":{"loc":{"start":{"line":4,"column":1},"end":{"line":6,"column":2}},"type":"if","locations":[{"start":{"line":4,"column":1},"end":{"line":6,"column":2}},{"start":{"line":4,"column":1},"end":{"line":6,"column":2}}],"line":4}},"s":{"0":0,"1":0,"2":0,"3":0},"f":{"0":0},"b":{"0":[0,0]}}
,"/Users/kiahakala/Documents/bloglist-frontend/src/components/Togglable.js": {"path":"/Users/kiahakala/Documents/bloglist-frontend/src/components/Togglable.js","statementMap":{"0":{"start":{"line":3,"column":18},"end":{"line":30,"column":2}},"1":{"start":{"line":4,"column":31},"end":{"line":4,"column":46}},"2":{"start":{"line":6,"column":25},"end":{"line":6,"column":59}},"3":{"start":{"line":7,"column":25},"end":{"line":7,"column":59}},"4":{"start":{"line":9,"column":26},"end":{"line":11,"column":2}},"5":{"start":{"line":10,"column":2},"end":{"line":10,"column":22}},"6":{"start":{"line":13,"column":1},"end":{"line":17,"column":3}},"7":{"start":{"line":14,"column":2},"end":{"line":16,"column":3}},"8":{"start":{"line":19,"column":1},"end":{"line":29,"column":2}},"9":{"start":{"line":32,"column":0},"end":{"line":32,"column":35}}},"fnMap":{"0":{"name":"(anonymous_0)","decl":{"start":{"line":3,"column":35},"end":{"line":3,"column":36}},"loc":{"start":{"line":3,"column":51},"end":{"line":30,"column":1}},"line":3},"1":{"name":"(anonymous_1)","decl":{"start":{"line":9,"column":26},"end":{"line":9,"column":27}},"loc":{"start":{"line":9,"column":32},"end":{"line":11,"column":2}},"line":9},"2":{"name":"(anonymous_2)","decl":{"start":{"line":13,"column":26},"end":{"line":13,"column":27}},"loc":{"start":{"line":13,"column":32},"end":{"line":17,"column":2}},"line":13}},"branchMap":{"0":{"loc":{"start":{"line":6,"column":36},"end":{"line":6,"column":57}},"type":"cond-expr","locations":[{"start":{"line":6,"column":46},"end":{"line":6,"column":52}},{"start":{"line":6,"column":55},"end":{"line":6,"column":57}}],"line":6},"1":{"loc":{"start":{"line":7,"column":36},"end":{"line":7,"column":57}},"type":"cond-expr","locations":[{"start":{"line":7,"column":46},"end":{"line":7,"column":48}},{"start":{"line":7,"column":51},"end":{"line":7,"column":57}}],"line":7}},"s":{"0":1,"1":6,"2":6,"3":6,"4":6,"5":2,"6":6,"7":0,"8":6,"9":1},"f":{"0":6,"1":2,"2":0},"b":{"0":[2,4],"1":[2,4]},"_coverageSchema":"1a1c01bbd47fc00a2c39e90264f33305004495a9","hash":"c03b0af85aa134c4d091f10935c40d4139e20194"}
,"/Users/kiahakala/Documents/bloglist-frontend/src/services/blogs.js": {"path":"/Users/kiahakala/Documents/bloglist-frontend/src/services/blogs.js","statementMap":{"0":{"start":{"line":2,"column":16},"end":{"line":2,"column":28}},"1":{"start":{"line":4,"column":12},"end":{"line":4,"column":16}},"2":{"start":{"line":6,"column":17},"end":{"line":8,"column":1}},"3":{"start":{"line":7,"column":1},"end":{"line":7,"column":29}},"4":{"start":{"line":10,"column":15},"end":{"line":13,"column":1}},"5":{"start":{"line":11,"column":17},"end":{"line":11,"column":41}},"6":{"start":{"line":12,"column":1},"end":{"line":12,"column":20}},"7":{"start":{"line":15,"column":15},"end":{"line":21,"column":1}},"8":{"start":{"line":16,"column":16},"end":{"line":18,"column":2}},"9":{"start":{"line":19,"column":18},"end":{"line":19,"column":62}},"10":{"start":{"line":20,"column":1},"end":{"line":20,"column":21}},"11":{"start":{"line":23,"column":15},"end":{"line":26,"column":1}},"12":{"start":{"line":24,"column":18},"end":{"line":24,"column":68}},"13":{"start":{"line":25,"column":1},"end":{"line":25,"column":21}},"14":{"start":{"line":28,"column":18},"end":{"line":33,"column":1}},"15":{"start":{"line":29,"column":16},"end":{"line":31,"column":2}},"16":{"start":{"line":32,"column":1},"end":{"line":32,"column":47}}},"fnMap":{"0":{"name":"(anonymous_0)","decl":{"start":{"line":6,"column":17},"end":{"line":6,"column":18}},"loc":{"start":{"line":6,"column":29},"end":{"line":8,"column":1}},"line":6},"1":{"name":"(anonymous_1)","decl":{"start":{"line":10,"column":15},"end":{"line":10,"column":16}},"loc":{"start":{"line":10,"column":27},"end":{"line":13,"column":1}},"line":10},"2":{"name":"(anonymous_2)","decl":{"start":{"line":15,"column":15},"end":{"line":15,"column":16}},"loc":{"start":{"line":15,"column":34},"end":{"line":21,"column":1}},"line":15},"3":{"name":"(anonymous_3)","decl":{"start":{"line":23,"column":15},"end":{"line":23,"column":16}},"loc":{"start":{"line":23,"column":44},"end":{"line":26,"column":1}},"line":23},"4":{"name":"(anonymous_4)","decl":{"start":{"line":28,"column":18},"end":{"line":28,"column":19}},"loc":{"start":{"line":28,"column":32},"end":{"line":33,"column":1}},"line":28}},"branchMap":{},"s":{"0":0,"1":0,"2":0,"3":0,"4":0,"5":0,"6":0,"7":0,"8":0,"9":0,"10":0,"11":0,"12":0,"13":0,"14":0,"15":0,"16":0},"f":{"0":0,"1":0,"2":0,"3":0,"4":0},"b":{}}
,"/Users/kiahakala/Documents/bloglist-frontend/src/services/login.js": {"path":"/Users/kiahakala/Documents/bloglist-frontend/src/services/login.js","statementMap":{"0":{"start":{"line":2,"column":16},"end":{"line":2,"column":28}},"1":{"start":{"line":4,"column":14},"end":{"line":8,"column":1}},"2":{"start":{"line":5,"column":18},"end":{"line":5,"column":67}},"3":{"start":{"line":6,"column":1},"end":{"line":6,"column":22}},"4":{"start":{"line":7,"column":1},"end":{"line":7,"column":21}}},"fnMap":{"0":{"name":"(anonymous_0)","decl":{"start":{"line":4,"column":14},"end":{"line":4,"column":15}},"loc":{"start":{"line":4,"column":48},"end":{"line":8,"column":1}},"line":4}},"branchMap":{},"s":{"0":0,"1":0,"2":0,"3":0,"4":0},"f":{"0":0},"b":{}}
}
