TN:
SF:src/App.js
FN:10,(anonymous_0)
FN:20,(anonymous_1)
FN:21,(anonymous_2)
FN:22,(anonymous_3)
FN:29,(anonymous_4)
FN:39,(anonymous_5)
FN:53,(anonymous_6)
FN:58,(anonymous_7)
FN:63,(anonymous_8)
FN:68,(anonymous_9)
FN:75,(anonymous_10)
FN:81,(anonymous_11)
FN:85,(anonymous_12)
FN:91,(anonymous_13)
FN:95,(anonymous_14)
FN:103,(anonymous_15)
FN:104,(anonymous_16)
FN:109,(anonymous_17)
FN:112,(anonymous_18)
FN:113,(anonymous_19)
FN:118,(anonymous_20)
FN:123,(anonymous_21)
FN:129,(anonymous_22)
FN:133,(anonymous_23)
FN:134,(anonymous_24)
FN:139,(anonymous_25)
FN:145,(anonymous_26)
FN:147,(anonymous_27)
FN:148,(anonymous_28)
FN:149,(anonymous_29)
FN:149,(anonymous_30)
FNF:31
FNH:0
FNDA:0,(anonymous_0)
FNDA:0,(anonymous_1)
FNDA:0,(anonymous_2)
FNDA:0,(anonymous_3)
FNDA:0,(anonymous_4)
FNDA:0,(anonymous_5)
FNDA:0,(anonymous_6)
FNDA:0,(anonymous_7)
FNDA:0,(anonymous_8)
FNDA:0,(anonymous_9)
FNDA:0,(anonymous_10)
FNDA:0,(anonymous_11)
FNDA:0,(anonymous_12)
FNDA:0,(anonymous_13)
FNDA:0,(anonymous_14)
FNDA:0,(anonymous_15)
FNDA:0,(anonymous_16)
FNDA:0,(anonymous_17)
FNDA:0,(anonymous_18)
FNDA:0,(anonymous_19)
FNDA:0,(anonymous_20)
FNDA:0,(anonymous_21)
FNDA:0,(anonymous_22)
FNDA:0,(anonymous_23)
FNDA:0,(anonymous_24)
FNDA:0,(anonymous_25)
FNDA:0,(anonymous_26)
FNDA:0,(anonymous_27)
FNDA:0,(anonymous_28)
FNDA:0,(anonymous_29)
FNDA:0,(anonymous_30)
DA:10,0
DA:11,0
DA:12,0
DA:13,0
DA:14,0
DA:15,0
DA:16,0
DA:18,0
DA:20,0
DA:21,0
DA:22,0
DA:23,0
DA:26,0
DA:29,0
DA:30,0
DA:31,0
DA:32,0
DA:33,0
DA:34,0
DA:39,0
DA:40,0
DA:41,0
DA:42,0
DA:45,0
DA:48,0
DA:49,0
DA:50,0
DA:51,0
DA:52,0
DA:53,0
DA:54,0
DA:57,0
DA:58,0
DA:59,0
DA:62,0
DA:63,0
DA:64,0
DA:68,0
DA:69,0
DA:70,0
DA:73,0
DA:74,0
DA:75,0
DA:76,0
DA:78,0
DA:81,0
DA:82,0
DA:83,0
DA:84,0
DA:85,0
DA:86,0
DA:89,0
DA:92,0
DA:94,0
DA:95,0
DA:96,0
DA:99,0
DA:103,0
DA:104,0
DA:105,0
DA:107,0
DA:109,0
DA:112,0
DA:113,0
DA:114,0
DA:115,0
DA:118,0
DA:120,0
DA:123,0
DA:124,0
DA:129,0
DA:130,0
DA:133,0
DA:134,0
DA:139,0
DA:140,0
DA:145,0
DA:146,0
DA:147,0
DA:149,0
DA:154,0
LF:81
LH:0
BRDA:31,0,0,0
BRDA:31,0,1,0
BRDA:83,1,0,0
BRDA:83,1,1,0
BRDA:83,2,0,0
BRDA:83,2,1,0
BRDA:109,3,0,0
BRDA:109,3,1,0
BRDA:114,4,0,0
BRDA:114,4,1,0
BRDA:147,5,0,0
BRDA:147,5,1,0
BRDA:161,6,0,0
BRDA:161,6,1,0
BRF:14
BRH:0
end_of_record
TN:
SF:src/index.js
FNF:0
FNH:0
DA:6,0
LF:1
LH:0
BRF:0
BRH:0
end_of_record
TN:
SF:src/components/Blog.js
FN:3,(anonymous_0)
FN:12,(anonymous_1)
FN:13,(anonymous_2)
FN:14,(anonymous_3)
FN:20,(anonymous_4)
FNF:5
FNH:2
FNDA:3,(anonymous_0)
FNDA:1,(anonymous_1)
FNDA:0,(anonymous_2)
FNDA:0,(anonymous_3)
FNDA:0,(anonymous_4)
DA:3,1
DA:4,3
DA:5,3
DA:10,3
DA:12,3
DA:13,3
DA:14,0
DA:15,0
DA:20,3
DA:21,0
DA:24,3
LF:11
LH:8
BRDA:10,0,0,1
BRDA:10,0,1,2
BRDA:34,1,0,0
BRDA:34,1,1,3
BRDA:34,2,0,3
BRDA:34,2,1,0
BRDA:36,3,0,1
BRDA:36,3,1,2
BRF:8
BRH:6
end_of_record
TN:
SF:src/components/BlogForm.js
FN:3,(anonymous_0)
FN:8,(anonymous_1)
FN:12,(anonymous_2)
FN:16,(anonymous_3)
FN:20,(anonymous_4)
FNF:5
FNH:3
FNDA:3,(anonymous_0)
FNDA:1,(anonymous_1)
FNDA:0,(anonymous_2)
FNDA:0,(anonymous_3)
FNDA:1,(anonymous_4)
DA:3,1
DA:4,3
DA:5,3
DA:6,3
DA:8,3
DA:9,1
DA:12,3
DA:13,0
DA:16,3
DA:17,0
DA:20,3
DA:21,1
DA:22,1
DA:27,1
DA:28,1
DA:29,1
DA:32,3
LF:17
LH:15
BRF:0
BRH:0
end_of_record
TN:
SF:src/components/LoginForm.js
FN:4,(anonymous_0)
FNF:1
FNH:0
FNDA:0,(anonymous_0)
DA:4,0
DA:12,0
DA:40,0
LF:3
LH:0
BRF:0
BRH:0
end_of_record
TN:
SF:src/components/Notification.js
FN:3,(anonymous_0)
FNF:1
FNH:0
FNDA:0,(anonymous_0)
DA:3,0
DA:4,0
DA:5,0
DA:8,0
LF:4
LH:0
BRDA:4,0,0,0
BRDA:4,0,1,0
BRF:2
BRH:0
end_of_record
TN:
SF:src/components/Togglable.js
FN:3,(anonymous_0)
FN:9,(anonymous_1)
FN:13,(anonymous_2)
FNF:3
FNH:2
FNDA:6,(anonymous_0)
FNDA:2,(anonymous_1)
FNDA:0,(anonymous_2)
DA:3,1
DA:4,6
DA:6,6
DA:7,6
DA:9,6
DA:10,2
DA:13,6
DA:14,0
DA:19,6
DA:32,1
LF:10
LH:9
BRDA:6,0,0,2
BRDA:6,0,1,4
BRDA:7,1,0,2
BRDA:7,1,1,4
BRF:4
BRH:4
end_of_record
TN:
SF:src/services/blogs.js
FN:6,(anonymous_0)
FN:10,(anonymous_1)
FN:15,(anonymous_2)
FN:23,(anonymous_3)
FN:28,(anonymous_4)
FNF:5
FNH:0
FNDA:0,(anonymous_0)
FNDA:0,(anonymous_1)
FNDA:0,(anonymous_2)
FNDA:0,(anonymous_3)
FNDA:0,(anonymous_4)
DA:2,0
DA:4,0
DA:6,0
DA:7,0
DA:10,0
DA:11,0
DA:12,0
DA:15,0
DA:16,0
DA:19,0
DA:20,0
DA:23,0
DA:24,0
DA:25,0
DA:28,0
DA:29,0
DA:32,0
LF:17
LH:0
BRF:0
BRH:0
end_of_record
TN:
SF:src/services/login.js
FN:4,(anonymous_0)
FNF:1
FNH:0
FNDA:0,(anonymous_0)
DA:2,0
DA:4,0
DA:5,0
DA:6,0
DA:7,0
LF:5
LH:0
BRF:0
BRH:0
end_of_record
